<?xml version="1.0" encoding="UTF-8"?>
<!-- Generated by org.testng.reporters.JUnitXMLReporter -->
<testsuite hostname="DevBratt" ignored="0" name="Command line test" tests="3" failures="0" timestamp="09 Aug 2021 13:49:39 GMT" time="0.075" errors="0">
  <testcase name="test1" time="0.021" classname="com.qa.tests.LoginTest"/>
  <testcase name="test2" time="0.001" classname="com.qa.tests.LoginTest"/>
  <testcase name="test3" time="0.0" classname="com.qa.tests.LoginTest"/>
</testsuite> <!-- Command line test -->
