<?xml version="1.0" encoding="UTF-8"?>
<testng-results skipped="0" failed="0" ignored="0" total="3" passed="3">
  <reporter-output>
  </reporter-output>
  <suite name="com.qa.tests.LoginTest" duration-ms="75" started-at="2021-08-09T13:49:39Z" finished-at="2021-08-09T13:49:39Z">
    <groups>
    </groups>
    <test name="Command line test" duration-ms="75" started-at="2021-08-09T13:49:39Z" finished-at="2021-08-09T13:49:39Z">
      <class name="com.qa.tests.LoginTest">
        <test-method status="PASS" signature="test1()[pri:0, instance:com.qa.tests.LoginTest@7f63425a]" name="test1" duration-ms="21" started-at="2021-08-09T13:49:39Z" finished-at="2021-08-09T13:49:39Z">
          <reporter-output>
          </reporter-output>
        </test-method> <!-- test1 -->
        <test-method status="PASS" signature="test2()[pri:0, instance:com.qa.tests.LoginTest@7f63425a]" name="test2" duration-ms="1" started-at="2021-08-09T13:49:39Z" finished-at="2021-08-09T13:49:39Z">
          <reporter-output>
          </reporter-output>
        </test-method> <!-- test2 -->
        <test-method status="PASS" signature="test3()[pri:0, instance:com.qa.tests.LoginTest@7f63425a]" name="test3" duration-ms="0" started-at="2021-08-09T13:49:39Z" finished-at="2021-08-09T13:49:39Z">
          <reporter-output>
          </reporter-output>
        </test-method> <!-- test3 -->
      </class> <!-- com.qa.tests.LoginTest -->
    </test> <!-- Command line test -->
  </suite> <!-- com.qa.tests.LoginTest -->
</testng-results>
